[debug] [2017-06-17T21:21:22.065Z] ----------------------------------------------------------------------
[debug] [2017-06-17T21:21:22.067Z] Command:      /usr/bin/nodejs /usr/local/bin/firebase deploy
[debug] [2017-06-17T21:21:22.068Z] CLI Version:  3.9.1
[debug] [2017-06-17T21:21:22.068Z] Platform:     linux
[debug] [2017-06-17T21:21:22.068Z] Node Version: v6.11.0
[debug] [2017-06-17T21:21:22.068Z] Time:         Sat Jun 17 2017 17:21:22 GMT-0400 (EDT)
[debug] [2017-06-17T21:21:22.068Z] ----------------------------------------------------------------------
[debug] 
[debug] [2017-06-17T21:21:22.079Z] > command requires scopes: ["email","openid","https://www.googleapis.com/auth/cloudplatformprojects.readonly","https://www.googleapis.com/auth/firebase","https://www.googleapis.com/auth/cloud-platform"]
[debug] [2017-06-17T21:21:22.079Z] > authorizing via signed-in user
[debug] [2017-06-17T21:21:22.081Z] > refreshing access token with scopes: ["email","https://www.googleapis.com/auth/cloud-platform","https://www.googleapis.com/auth/cloudplatformprojects.readonly","https://www.googleapis.com/auth/firebase","openid"]
[debug] [2017-06-17T21:21:22.081Z] >>> HTTP REQUEST POST https://www.googleapis.com/oauth2/v3/token { refresh_token: '1/UqJQnXiZ08G_reJ7zz8MNOASaPxCwbaCWXeAmbp5ofA',
  client_id: '563584335869-fgrhgmd47bqnekij5i8b5pr03ho849e6.apps.googleusercontent.com',
  client_secret: 'j9iVZfS8kkCEFUPaAeJV0sAi',
  grant_type: 'refresh_token',
  scope: 'email https://www.googleapis.com/auth/cloud-platform https://www.googleapis.com/auth/cloudplatformprojects.readonly https://www.googleapis.com/auth/firebase openid' } 
 Sat Jun 17 2017 17:21:22 GMT-0400 (EDT)
[debug] [2017-06-17T21:21:22.313Z] <<< HTTP RESPONSE 200
[debug] [2017-06-17T21:21:22.324Z] >>> HTTP REQUEST GET https://admin.firebase.com/v1/projects/friendlychat-7e096  
 Sat Jun 17 2017 17:21:22 GMT-0400 (EDT)
[debug] [2017-06-17T21:21:23.537Z] <<< HTTP RESPONSE 200
[debug] [2017-06-17T21:21:23.538Z] >>> HTTP REQUEST GET https://admin.firebase.com/v1/database/friendlychat-7e096/tokens  
 Sat Jun 17 2017 17:21:23 GMT-0400 (EDT)
[debug] [2017-06-17T21:21:23.843Z] <<< HTTP RESPONSE 200
[info] 
[info] === Deploying to 'friendlychat-7e096'...
[info] 
[info] i  deploying database, functions, hosting
[info] ✔  database: rules ready to deploy.
[debug] [2017-06-17T21:21:26.526Z] > [functions] package.json contents: {
  "name": "functions",
  "description": "Cloud Functions for Firebase",
  "dependencies": {
    "firebase-admin": "~4.2.1",
    "firebase-functions": "^0.5.7"
  },
  "private": true
}
[info] i  functions: ensuring necessary APIs are enabled...
[info] i  runtimeconfig: ensuring necessary APIs are enabled...
[debug] [2017-06-17T21:21:26.529Z] >>> HTTP REQUEST GET https://servicemanagement.googleapis.com/v1/services/cloudfunctions.googleapis.com/projectSettings/friendlychat-7e096?view=CONSUMER_VIEW  
 Sat Jun 17 2017 17:21:26 GMT-0400 (EDT)
[debug] [2017-06-17T21:21:26.531Z] >>> HTTP REQUEST GET https://servicemanagement.googleapis.com/v1/services/runtimeconfig.googleapis.com/projectSettings/friendlychat-7e096?view=CONSUMER_VIEW  
 Sat Jun 17 2017 17:21:26 GMT-0400 (EDT)
[debug] [2017-06-17T21:21:27.496Z] <<< HTTP RESPONSE 200
[info] ✔  runtimeconfig: all necessary APIs are enabled
[debug] [2017-06-17T21:21:27.554Z] <<< HTTP RESPONSE 200
[info] ✔  functions: all necessary APIs are enabled
[debug] [2017-06-17T21:21:27.557Z] >>> HTTP REQUEST GET https://appengine.googleapis.com/v1/apps/friendlychat-7e096  
 Sat Jun 17 2017 17:21:27 GMT-0400 (EDT)
[debug] [2017-06-17T21:21:27.558Z] >>> HTTP REQUEST GET https://apikeys.googleapis.com/v1/projects/friendlychat-7e096/apiKeys  
 Sat Jun 17 2017 17:21:27 GMT-0400 (EDT)
[debug] [2017-06-17T21:21:27.913Z] <<< HTTP RESPONSE 200
[debug] [2017-06-17T21:21:27.996Z] <<< HTTP RESPONSE 200
[info] i  functions: preparing functions directory for uploading...
[debug] [2017-06-17T21:21:28.257Z] >>> HTTP REQUEST GET https://runtimeconfig.googleapis.com/v1beta1/projects/friendlychat-7e096/configs  
 Sat Jun 17 2017 17:21:28 GMT-0400 (EDT)
[debug] [2017-06-17T21:21:30.837Z] <<< HTTP RESPONSE 200
[info] i  hosting: preparing . directory for upload...
[debug] [2017-06-17T21:21:35.310Z] >>> HTTP REQUEST PUT https://deploy.firebase.com/v1/hosting/friendlychat-7e096/uploads/-Kmrvdyi4Gf4jmjAAg3U?fileCount=6554&message=  
 Sat Jun 17 2017 17:21:35 GMT-0400 (EDT)
